<?xml version="1.0" encoding="UTF-8"?>
<testsuite xmlns:xsi="http://www.w3.org/2001/XMLSchema-instance" xsi:noNamespaceSchemaLocation="https://maven.apache.org/surefire/maven-surefire-plugin/xsd/surefire-test-report.xsd" name="com.hibp.check.TestRun" time="14.081" tests="1" errors="0" skipped="0" failures="0">
  <properties>
    <property name="sun.desktop" value="windows"/>
    <property name="awt.toolkit" value="sun.awt.windows.WToolkit"/>
    <property name="file.encoding.pkg" value="sun.io"/>
    <property name="java.specification.version" value="1.8"/>
    <property name="sun.cpu.isalist" value="amd64"/>
    <property name="sun.jnu.encoding" value="Cp1252"/>
    <property name="java.class.path" value="C:\Users\shilpamadhuri_r\Documents\Eclipse Java folder workspace\check\target\test-classes;C:\Users\shilpamadhuri_r\Documents\Eclipse Java folder workspace\check\target\classes;C:\Users\shilpamadhuri_r\.m2\repository\junit\junit\4.12\junit-4.12.jar;C:\Users\shilpamadhuri_r\.m2\repository\org\hamcrest\hamcrest-core\1.3\hamcrest-core-1.3.jar;C:\Users\shilpamadhuri_r\.m2\repository\io\cucumber\cucumber-junit\3.0.2\cucumber-junit-3.0.2.jar;C:\Users\shilpamadhuri_r\.m2\repository\io\cucumber\cucumber-java8\3.0.2\cucumber-java8-3.0.2.jar;C:\Users\shilpamadhuri_r\.m2\repository\io\cucumber\cucumber-java\3.0.2\cucumber-java-3.0.2.jar;C:\Users\shilpamadhuri_r\.m2\repository\net\jodah\typetools\0.5.0\typetools-0.5.0.jar;C:\Users\shilpamadhuri_r\.m2\repository\io\cucumber\cucumber-core\3.0.2\cucumber-core-3.0.2.jar;C:\Users\shilpamadhuri_r\.m2\repository\io\cucumber\cucumber-html\0.2.7\cucumber-html-0.2.7.jar;C:\Users\shilpamadhuri_r\.m2\repository\io\cucumber\gherkin\5.0.0\gherkin-5.0.0.jar;C:\Users\shilpamadhuri_r\.m2\repository\io\cucumber\tag-expressions\1.1.1\tag-expressions-1.1.1.jar;C:\Users\shilpamadhuri_r\.m2\repository\io\cucumber\cucumber-expressions\5.0.19\cucumber-expressions-5.0.19.jar;C:\Users\shilpamadhuri_r\.m2\repository\io\cucumber\datatable\1.0.3\datatable-1.0.3.jar;C:\Users\shilpamadhuri_r\.m2\repository\io\cucumber\datatable-dependencies\1.0.3\datatable-dependencies-1.0.3.jar;C:\Users\shilpamadhuri_r\.m2\repository\org\seleniumhq\selenium\selenium-java\3.14.0\selenium-java-3.14.0.jar;C:\Users\shilpamadhuri_r\.m2\repository\org\seleniumhq\selenium\selenium-api\3.14.0\selenium-api-3.14.0.jar;C:\Users\shilpamadhuri_r\.m2\repository\org\seleniumhq\selenium\selenium-chrome-driver\3.14.0\selenium-chrome-driver-3.14.0.jar;C:\Users\shilpamadhuri_r\.m2\repository\org\seleniumhq\selenium\selenium-edge-driver\3.14.0\selenium-edge-driver-3.14.0.jar;C:\Users\shilpamadhuri_r\.m2\repository\org\seleniumhq\selenium\selenium-firefox-driver\3.14.0\selenium-firefox-driver-3.14.0.jar;C:\Users\shilpamadhuri_r\.m2\repository\org\seleniumhq\selenium\selenium-ie-driver\3.14.0\selenium-ie-driver-3.14.0.jar;C:\Users\shilpamadhuri_r\.m2\repository\org\seleniumhq\selenium\selenium-opera-driver\3.14.0\selenium-opera-driver-3.14.0.jar;C:\Users\shilpamadhuri_r\.m2\repository\org\seleniumhq\selenium\selenium-remote-driver\3.14.0\selenium-remote-driver-3.14.0.jar;C:\Users\shilpamadhuri_r\.m2\repository\org\seleniumhq\selenium\selenium-safari-driver\3.14.0\selenium-safari-driver-3.14.0.jar;C:\Users\shilpamadhuri_r\.m2\repository\org\seleniumhq\selenium\selenium-support\3.14.0\selenium-support-3.14.0.jar;C:\Users\shilpamadhuri_r\.m2\repository\net\bytebuddy\byte-buddy\1.8.15\byte-buddy-1.8.15.jar;C:\Users\shilpamadhuri_r\.m2\repository\org\apache\commons\commons-exec\1.3\commons-exec-1.3.jar;C:\Users\shilpamadhuri_r\.m2\repository\commons-codec\commons-codec\1.10\commons-codec-1.10.jar;C:\Users\shilpamadhuri_r\.m2\repository\commons-logging\commons-logging\1.2\commons-logging-1.2.jar;C:\Users\shilpamadhuri_r\.m2\repository\com\google\guava\guava\25.0-jre\guava-25.0-jre.jar;C:\Users\shilpamadhuri_r\.m2\repository\com\google\code\findbugs\jsr305\1.3.9\jsr305-1.3.9.jar;C:\Users\shilpamadhuri_r\.m2\repository\org\checkerframework\checker-compat-qual\2.0.0\checker-compat-qual-2.0.0.jar;C:\Users\shilpamadhuri_r\.m2\repository\com\google\errorprone\error_prone_annotations\2.1.3\error_prone_annotations-2.1.3.jar;C:\Users\shilpamadhuri_r\.m2\repository\com\google\j2objc\j2objc-annotations\1.1\j2objc-annotations-1.1.jar;C:\Users\shilpamadhuri_r\.m2\repository\org\codehaus\mojo\animal-sniffer-annotations\1.14\animal-sniffer-annotations-1.14.jar;C:\Users\shilpamadhuri_r\.m2\repository\org\apache\httpcomponents\httpclient\4.5.5\httpclient-4.5.5.jar;C:\Users\shilpamadhuri_r\.m2\repository\org\apache\httpcomponents\httpcore\4.4.9\httpcore-4.4.9.jar;C:\Users\shilpamadhuri_r\.m2\repository\com\squareup\okhttp3\okhttp\3.10.0\okhttp-3.10.0.jar;C:\Users\shilpamadhuri_r\.m2\repository\com\squareup\okio\okio\1.14.1\okio-1.14.1.jar;"/>
    <property name="java.vm.vendor" value="Oracle Corporation"/>
    <property name="sun.arch.data.model" value="64"/>
    <property name="user.variant" value=""/>
    <property name="java.vendor.url" value="http://java.oracle.com/"/>
    <property name="user.timezone" value=""/>
    <property name="java.vm.specification.version" value="1.8"/>
    <property name="os.name" value="Windows 8.1"/>
    <property name="user.country" value="US"/>
    <property name="sun.java.launcher" value="SUN_STANDARD"/>
    <property name="sun.boot.library.path" value="C:\Program Files\Java\jdk1.8.0_221\jre\bin"/>
    <property name="sun.java.command" value="C:\Users\shilpamadhuri_r\AppData\Local\Temp\surefire3025605103235838444\surefirebooter5233205900034352353.jar C:\Users\shilpamadhuri_r\AppData\Local\Temp\surefire3025605103235838444 2019-08-20T00-22-39_856-jvmRun1 surefire7754961573758541677tmp surefire_02706176951663128127tmp"/>
    <property name="surefire.test.class.path" value="C:\Users\shilpamadhuri_r\Documents\Eclipse Java folder workspace\check\target\test-classes;C:\Users\shilpamadhuri_r\Documents\Eclipse Java folder workspace\check\target\classes;C:\Users\shilpamadhuri_r\.m2\repository\junit\junit\4.12\junit-4.12.jar;C:\Users\shilpamadhuri_r\.m2\repository\org\hamcrest\hamcrest-core\1.3\hamcrest-core-1.3.jar;C:\Users\shilpamadhuri_r\.m2\repository\io\cucumber\cucumber-junit\3.0.2\cucumber-junit-3.0.2.jar;C:\Users\shilpamadhuri_r\.m2\repository\io\cucumber\cucumber-java8\3.0.2\cucumber-java8-3.0.2.jar;C:\Users\shilpamadhuri_r\.m2\repository\io\cucumber\cucumber-java\3.0.2\cucumber-java-3.0.2.jar;C:\Users\shilpamadhuri_r\.m2\repository\net\jodah\typetools\0.5.0\typetools-0.5.0.jar;C:\Users\shilpamadhuri_r\.m2\repository\io\cucumber\cucumber-core\3.0.2\cucumber-core-3.0.2.jar;C:\Users\shilpamadhuri_r\.m2\repository\io\cucumber\cucumber-html\0.2.7\cucumber-html-0.2.7.jar;C:\Users\shilpamadhuri_r\.m2\repository\io\cucumber\gherkin\5.0.0\gherkin-5.0.0.jar;C:\Users\shilpamadhuri_r\.m2\repository\io\cucumber\tag-expressions\1.1.1\tag-expressions-1.1.1.jar;C:\Users\shilpamadhuri_r\.m2\repository\io\cucumber\cucumber-expressions\5.0.19\cucumber-expressions-5.0.19.jar;C:\Users\shilpamadhuri_r\.m2\repository\io\cucumber\datatable\1.0.3\datatable-1.0.3.jar;C:\Users\shilpamadhuri_r\.m2\repository\io\cucumber\datatable-dependencies\1.0.3\datatable-dependencies-1.0.3.jar;C:\Users\shilpamadhuri_r\.m2\repository\org\seleniumhq\selenium\selenium-java\3.14.0\selenium-java-3.14.0.jar;C:\Users\shilpamadhuri_r\.m2\repository\org\seleniumhq\selenium\selenium-api\3.14.0\selenium-api-3.14.0.jar;C:\Users\shilpamadhuri_r\.m2\repository\org\seleniumhq\selenium\selenium-chrome-driver\3.14.0\selenium-chrome-driver-3.14.0.jar;C:\Users\shilpamadhuri_r\.m2\repository\org\seleniumhq\selenium\selenium-edge-driver\3.14.0\selenium-edge-driver-3.14.0.jar;C:\Users\shilpamadhuri_r\.m2\repository\org\seleniumhq\selenium\selenium-firefox-driver\3.14.0\selenium-firefox-driver-3.14.0.jar;C:\Users\shilpamadhuri_r\.m2\repository\org\seleniumhq\selenium\selenium-ie-driver\3.14.0\selenium-ie-driver-3.14.0.jar;C:\Users\shilpamadhuri_r\.m2\repository\org\seleniumhq\selenium\selenium-opera-driver\3.14.0\selenium-opera-driver-3.14.0.jar;C:\Users\shilpamadhuri_r\.m2\repository\org\seleniumhq\selenium\selenium-remote-driver\3.14.0\selenium-remote-driver-3.14.0.jar;C:\Users\shilpamadhuri_r\.m2\repository\org\seleniumhq\selenium\selenium-safari-driver\3.14.0\selenium-safari-driver-3.14.0.jar;C:\Users\shilpamadhuri_r\.m2\repository\org\seleniumhq\selenium\selenium-support\3.14.0\selenium-support-3.14.0.jar;C:\Users\shilpamadhuri_r\.m2\repository\net\bytebuddy\byte-buddy\1.8.15\byte-buddy-1.8.15.jar;C:\Users\shilpamadhuri_r\.m2\repository\org\apache\commons\commons-exec\1.3\commons-exec-1.3.jar;C:\Users\shilpamadhuri_r\.m2\repository\commons-codec\commons-codec\1.10\commons-codec-1.10.jar;C:\Users\shilpamadhuri_r\.m2\repository\commons-logging\commons-logging\1.2\commons-logging-1.2.jar;C:\Users\shilpamadhuri_r\.m2\repository\com\google\guava\guava\25.0-jre\guava-25.0-jre.jar;C:\Users\shilpamadhuri_r\.m2\repository\com\google\code\findbugs\jsr305\1.3.9\jsr305-1.3.9.jar;C:\Users\shilpamadhuri_r\.m2\repository\org\checkerframework\checker-compat-qual\2.0.0\checker-compat-qual-2.0.0.jar;C:\Users\shilpamadhuri_r\.m2\repository\com\google\errorprone\error_prone_annotations\2.1.3\error_prone_annotations-2.1.3.jar;C:\Users\shilpamadhuri_r\.m2\repository\com\google\j2objc\j2objc-annotations\1.1\j2objc-annotations-1.1.jar;C:\Users\shilpamadhuri_r\.m2\repository\org\codehaus\mojo\animal-sniffer-annotations\1.14\animal-sniffer-annotations-1.14.jar;C:\Users\shilpamadhuri_r\.m2\repository\org\apache\httpcomponents\httpclient\4.5.5\httpclient-4.5.5.jar;C:\Users\shilpamadhuri_r\.m2\repository\org\apache\httpcomponents\httpcore\4.4.9\httpcore-4.4.9.jar;C:\Users\shilpamadhuri_r\.m2\repository\com\squareup\okhttp3\okhttp\3.10.0\okhttp-3.10.0.jar;C:\Users\shilpamadhuri_r\.m2\repository\com\squareup\okio\okio\1.14.1\okio-1.14.1.jar;"/>
    <property name="sun.cpu.endian" value="little"/>
    <property name="user.home" value="C:\Users\shilpamadhuri_r"/>
    <property name="user.language" value="en"/>
    <property name="java.specification.vendor" value="Oracle Corporation"/>
    <property name="java.home" value="C:\Program Files\Java\jdk1.8.0_221\jre"/>
    <property name="basedir" value="C:\Users\shilpamadhuri_r\Documents\Eclipse Java folder workspace\check"/>
    <property name="file.separator" value="\"/>
    <property name="line.separator" value="&#10;"/>
    <property name="java.vm.specification.vendor" value="Oracle Corporation"/>
    <property name="java.specification.name" value="Java Platform API Specification"/>
    <property name="java.awt.graphicsenv" value="sun.awt.Win32GraphicsEnvironment"/>
    <property name="surefire.real.class.path" value="C:\Users\shilpamadhuri_r\AppData\Local\Temp\surefire3025605103235838444\surefirebooter5233205900034352353.jar"/>
    <property name="sun.boot.class.path" value="C:\Program Files\Java\jdk1.8.0_221\jre\lib\resources.jar;C:\Program Files\Java\jdk1.8.0_221\jre\lib\rt.jar;C:\Program Files\Java\jdk1.8.0_221\jre\lib\sunrsasign.jar;C:\Program Files\Java\jdk1.8.0_221\jre\lib\jsse.jar;C:\Program Files\Java\jdk1.8.0_221\jre\lib\jce.jar;C:\Program Files\Java\jdk1.8.0_221\jre\lib\charsets.jar;C:\Program Files\Java\jdk1.8.0_221\jre\lib\jfr.jar;C:\Program Files\Java\jdk1.8.0_221\jre\classes"/>
    <property name="user.script" value=""/>
    <property name="sun.management.compiler" value="HotSpot 64-Bit Tiered Compilers"/>
    <property name="java.runtime.version" value="1.8.0_221-b11"/>
    <property name="user.name" value="ShilpaMadhuri_R"/>
    <property name="path.separator" value=";"/>
    <property name="os.version" value="6.3"/>
    <property name="java.endorsed.dirs" value="C:\Program Files\Java\jdk1.8.0_221\jre\lib\endorsed"/>
    <property name="java.runtime.name" value="Java(TM) SE Runtime Environment"/>
    <property name="file.encoding" value="Cp1252"/>
    <property name="java.vm.name" value="Java HotSpot(TM) 64-Bit Server VM"/>
    <property name="localRepository" value="C:\Users\shilpamadhuri_r\.m2\repository"/>
    <property name="java.vendor.url.bug" value="http://bugreport.sun.com/bugreport/"/>
    <property name="java.io.tmpdir" value="C:\Users\shilpamadhuri_r\AppData\Local\Temp\"/>
    <property name="java.version" value="1.8.0_221"/>
    <property name="user.dir" value="C:\Users\shilpamadhuri_r\Documents\Eclipse Java folder workspace\check"/>
    <property name="os.arch" value="amd64"/>
    <property name="java.vm.specification.name" value="Java Virtual Machine Specification"/>
    <property name="java.awt.printerjob" value="sun.awt.windows.WPrinterJob"/>
    <property name="sun.os.patch.level" value=""/>
    <property name="java.library.path" value="C:\Program Files\Java\jdk1.8.0_221\jre\bin;C:\windows\Sun\Java\bin;C:\windows\system32;C:\windows;C:/Program Files/Java/jre1.8.0_221/bin/server;C:/Program Files/Java/jre1.8.0_221/bin;C:/Program Files/Java/jre1.8.0_221/lib/amd64;C:\Program Files (x86)\Common Files\Oracle\Java\javapath;C:\ProgramData\Oracle\Java\javapath;C:\windows\system32;C:\windows;C:\windows\System32\Wbem;C:\windows\System32\WindowsPowerShell\v1.0\;C:\Program Files\Java\jdk1.8.0_221\bin;C:\Program Files\Apache\apache-maven-3.6.1\bin;C:\Users\shilpamadhuri_r\AppData\Local\Continuum\anaconda3;C:\Users\shilpamadhuri_r\AppData\Local\Continuum\anaconda3\Library\mingw-w64\bin;C:\Users\shilpamadhuri_r\AppData\Local\Continuum\anaconda3\Library\usr\bin;C:\Users\shilpamadhuri_r\AppData\Local\Continuum\anaconda3\Library\bin;C:\Users\shilpamadhuri_r\AppData\Local\Continuum\anaconda3\Scripts;C:\Users\shilpamadhuri_r\AppData\Local\Programs\Microsoft VS Code\bin;C:\Users\shilpamadhuri_r\AppData\Local\Programs\Git\cmd;C:\Users\shilpamadhuri_r\Desktop\eclipse-jee-2018-12-R-win32-x86_64\eclipse;;."/>
    <property name="java.vm.info" value="mixed mode"/>
    <property name="java.vendor" value="Oracle Corporation"/>
    <property name="java.vm.version" value="25.221-b11"/>
    <property name="java.ext.dirs" value="C:\Program Files\Java\jdk1.8.0_221\jre\lib\ext;C:\windows\Sun\Java\lib\ext"/>
    <property name="sun.io.unicode.encoding" value="UnicodeLittle"/>
    <property name="java.class.version" value="52.0"/>
  </properties>
  <testcase name="User can check if any string/email id has been Pwned or not" classname="Check if email id has been Pwned or not" time="13.5"/>
</testsuite>